[12:35:00] 📡 RSS 掃描: 100 篇, 100 篇新的 (480ms)
[12:35:00]   🆕 新推文偵測！
[12:35:00]      ID: 116263751750331124
[12:35:00]      時間: Fri, 20 Mar 2026 22:01:03 +0000
[12:35:00]      偵測延遲: 52437.5秒
[12:35:00]      內容: The Great State of Colorado, and a pathetic RINO District Attorney, together with the Radical Left G...
[12:35:00]      ⚪ 無信號 (0ms)
[12:35:00]   🆕 新推文偵測！
[12:35:00]      ID: 116263563453969628
[12:35:00]      時間: Fri, 20 Mar 2026 21:13:10 +0000
[12:35:00]      偵測延遲: 55310.5秒
[12:35:00]      內容: We are getting very close to meeting our objectives as we consider winding down our great Military e...
[12:35:00]      ⚪ 無信號 (0ms)
[12:35:00]   🆕 新推文偵測！
[12:35:00]      ID: 116262998779773636
[12:35:00]      時間: Fri, 20 Mar 2026 18:49:34 +0000
[12:35:00]      偵測延遲: 63926.5秒
[12:35:00]      內容: ...
[12:35:00]      ⚪ 無信號 (0ms)
[12:35:00]   🆕 新推文偵測！
[12:35:00]      ID: 116261847910261480
[12:35:00]      時間: Fri, 20 Mar 2026 13:56:53 +0000
[12:35:00]      偵測延遲: 81487.5秒
[12:35:00]      內容: I met with Hope Scheppelman and her husband Steven, of the Radical Left State of Colorado, to discus...
[12:35:00]      📡 信號: THREAT(65%), BEARISH(65%) (0ms)
[12:35:00]      🎯 預測: DOWN (65%) | 0多/2空 (0ms)
[12:35:00]      ⏱️ 全鏈路: 偵測81488s + 分類0ms + 預測0ms = 共81487.5s
[12:35:00]      💰 Polymarket: 等待錢包設定...
[12:35:00]   🆕 新推文偵測！
[12:35:00]      ID: 116261796648776538
[12:35:00]      時間: Fri, 20 Mar 2026 13:43:51 +0000
[12:35:00]      偵測延遲: 82269.5秒
[12:35:00]      內容: Without the U.S.A., NATO IS A PAPER TIGER! They didn’t want to join the fight to stop a Nuclear Powe...
[12:35:00]      ⚪ 無信號 (0ms)
[12:35:00]   🆕 新推文偵測！
[12:35:00]      ID: 116261732231179804
[12:35:00]      時間: Fri, 20 Mar 2026 13:27:28 +0000
[12:35:00]      偵測延遲: 83252.5秒
[12:35:00]      內容: THE SAVE AMERICA ACT MUST BE PASSED BY THE SENATE. THERE IS NOTHING THAT IS MORE IMPORTANT FOR THE U...
[12:35:00]      ⚪ 無信號 (0ms)
[12:35:00]   🆕 新推文偵測！
[12:35:00]      ID: 116261712648536578
[12:35:00]      時間: Fri, 20 Mar 2026 13:22:29 +0000
[12:35:00]      偵測延遲: 83551.5秒
[12:35:00]      內容: CONGRESS, PASS THE FARM BILL, NOW! President DJT...
[12:35:00]      ⚪ 無信號 (0ms)
[12:35:00]   🆕 新推文偵測！
[12:35:00]      ID: 116257915423728314
[12:35:00]      時間: Thu, 19 Mar 2026 21:16:48 +0000
[12:35:00]      偵測延遲: 141492.5秒
[12:35:00]      內容: They Threw Everything They Had at Donald Trump. He’s Still Standing. America Is Better For It:...
[12:35:00]      ⚪ 無信號 (0ms)
[12:35:00]   🆕 新推文偵測！
[12:35:00]      ID: 116257827130389641
[12:35:00]      時間: Thu, 19 Mar 2026 20:54:21 +0000
[12:35:00]      偵測延遲: 142839.5秒
[12:35:00]      內容: GAVIN M. WAX: Trump Quietly Set Up Future Of American Manufacturing With Stroke Of A Pen:...
[12:35:00]      ⚪ 無信號 (0ms)
[12:35:00]   🆕 新推文偵測！
[12:35:00]      ID: 116257826369374629
[12:35:00]      時間: Thu, 19 Mar 2026 20:54:09 +0000
[12:35:00]      偵測延遲: 142851.5秒
[12:35:00]      內容: You Should Be Terrified by What JPMorgan Did to Trump:...
[12:35:00]      ⚪ 無信號 (0ms)
[12:35:00]   🆕 新推文偵測！
[12:35:00]      ID: 116257824115129532
[12:35:00]      時間: Thu, 19 Mar 2026 20:53:35 +0000
[12:35:00]      偵測延遲: 142885.5秒
[12:35:00]      內容: Ex-police chief says Trump told him 'thank goodness you're stopping' Epstein in 2000s:...
[12:35:00]      ⚪ 無信號 (0ms)
[12:35:00]   🆕 新推文偵測！
[12:35:00]      ID: 116257685258900412
[12:35:00]      時間: Thu, 19 Mar 2026 20:18:16 +0000
[12:35:00]      偵測延遲: 145004.5秒
[12:35:00]      內容: ...
[12:35:00]      ⚪ 無信號 (0ms)
[12:35:00]   🆕 新推文偵測！
[12:35:00]      ID: 116256226651705916
[12:35:00]      時間: Thu, 19 Mar 2026 14:07:19 +0000
[12:35:00]      偵測延遲: 167261.5秒
[12:35:00]      內容: Passing The Save America Act Is Indispensable To Preserve Representative Democracy:...
[12:35:00]      ⚪ 無信號 (0ms)
[12:35:00]   🆕 新推文偵測！
[12:35:00]      ID: 116256225070534165
[12:35:00]      時間: Thu, 19 Mar 2026 14:06:55 +0000
[12:35:00]      偵測延遲: 167285.5秒
[12:35:00]      內容: Michael Whatley is so Great! Running against a really bad former Governor who set murderers free to ...
[12:35:00]      ⚪ 無信號 (0ms)
[12:35:00]   🆕 新推文偵測！
[12:35:00]      ID: 116256221612685192
[12:35:00]      時間: Thu, 19 Mar 2026 14:06:02 +0000
[12:35:00]      偵測延遲: 167338.5秒
[12:35:00]      內容: Britain had meltdown when China hacked voter files, but U.S. intel kept it secret in America:...
[12:35:00]      ⚪ 無信號 (0ms)
[12:35:00]   🆕 新推文偵測！
[12:35:00]      ID: 116256220292711449
[12:35:00]      時間: Thu, 19 Mar 2026 14:05:42 +0000
[12:35:00]      偵測延遲: 167358.5秒
[12:35:00]      內容: President Trump Has Prevented Another Holocaust:...
[12:35:00]      ⚪ 無信號 (0ms)
[12:35:00]   🆕 新推文偵測！
[12:35:00]      ID: 116256219531850396
[12:35:00]      時間: Thu, 19 Mar 2026 14:05:31 +0000
[12:35:00]      偵測延遲: 167369.5秒
[12:35:00]      內容: Asia-Pacific Allies Ink $56 Billion in Deals with US Companies at Tokyo Forum, Burgum Says:...
[12:35:00]      📡 信號: DEAL(65%) (0ms)
[12:35:00]      🎯 預測: UP (65%) | 1多/0空 (0ms)
[12:35:00]      ⏱️ 全鏈路: 偵測167370s + 分類0ms + 預測0ms = 共167369.5s
[12:35:00]      💰 Polymarket: 等待錢包設定...
[12:35:00]   🆕 新推文偵測！
[12:35:00]      ID: 116256218451397252
[12:35:00]      時間: Thu, 19 Mar 2026 14:05:14 +0000
[12:35:00]      偵測延遲: 167386.5秒
[12:35:00]      內容: The Left Is Petrified That Trump Will Succeed in Iran and Expose Them As Mind-Twisted Frauds:...
[12:35:00]      ⚪ 無信號 (0ms)
[12:35:00]   🆕 新推文偵測！
[12:35:00]      ID: 116256217083523012
[12:35:00]      時間: Thu, 19 Mar 2026 14:04:53 +0000
[12:35:00]      偵測延遲: 167407.5秒
[12:35:00]      內容: Khamenei’s Unforced Errors Proved Fatal:...
[12:35:00]      ⚪ 無信號 (0ms)
[12:35:00]   🆕 新推文偵測！
[12:35:00]      ID: 116256215639879243
[12:35:00]      時間: Thu, 19 Mar 2026 14:04:31 +0000
[12:35:00]      偵測延遲: 167429.5秒
[12:35:00]      內容: MORNING GLORY: Why Trump must finish what he started with Iran’s regime:...
[12:35:00]      ⚪ 無信號 (0ms)
[12:35:00]   🆕 新推文偵測！
[12:35:00]      ID: 116256214426681641
[12:35:00]      時間: Thu, 19 Mar 2026 14:04:13 +0000
[12:35:00]      偵測延遲: 167447.5秒
[12:35:00]      內容: From Douglas MacKinnon: “This is a photo from yesterday on the drive from LA to Palm Springs. Hundre...
[12:35:00]      ⚪ 無信號 (0ms)
[12:35:00]   🆕 新推文偵測！
[12:35:00]      ID: 116256204305007898
[12:35:00]      時間: Thu, 19 Mar 2026 14:01:38 +0000
[12:35:00]      偵測延遲: 167602.5秒
[12:35:00]      內容: Jon McNaughton working on The Forgotten Man in The Eisenhower Executive Office Building!...
[12:35:00]      ⚪ 無信號 (0ms)
[12:35:00]   🆕 新推文偵測！
[12:35:00]      ID: 116256171120186590
[12:35:00]      時間: Thu, 19 Mar 2026 13:53:12 +0000
[12:35:00]      偵測延遲: 168108.5秒
[12:35:00]      內容: ...
[12:35:00]      ⚪ 無信號 (0ms)
[12:35:00]   🆕 新推文偵測！
[12:35:00]      ID: 116255809955960965
[12:35:00]      時間: Thu, 19 Mar 2026 12:21:21 +0000
[12:35:00]      偵測延遲: 173619.5秒
[12:35:00]      內容: Media, lawmakers downplay threat from the Iran regime, but evidence shows the true scope of danger:...
[12:35:00]      ⚪ 無信號 (0ms)
[12:35:00]   🆕 新推文偵測！
[12:35:00]      ID: 116253527175738987
[12:35:00]      時間: Thu, 19 Mar 2026 02:40:48 +0000
[12:35:00]      偵測延遲: 208452.5秒
[12:35:00]      內容: Graham tears into European allies over Strait of Hormuz reluctance:...
[12:35:00]      ⚪ 無信號 (0ms)
[12:35:00]   🆕 新推文偵測！
[12:35:00]      ID: 116253388303392718
[12:35:00]      時間: Thu, 19 Mar 2026 02:05:29 +0000
[12:35:00]      偵測延遲: 210571.5秒
[12:35:00]      內容: Israel, out of anger for what has taken place in the Middle East, has violently lashed out at a majo...
[12:35:00]      ⚪ 無信號 (0ms)
[12:35:00]   🆕 新推文偵測！
[12:35:00]      ID: 116252861649863261
[12:35:00]      時間: Wed, 18 Mar 2026 23:51:33 +0000
[12:35:00]      偵測延遲: 218607.5秒
[12:35:00]      內容: FREE TINA PETERS, A 73-YEAR-OLD WOMAN, WITH CANCER, GIVEN A NINE YEAR DEATH SENTENCE IN A COLORADO P...
[12:35:00]      ⚪ 無信號 (0ms)
[12:35:00]   🆕 新推文偵測！
[12:35:00]      ID: 116252749732465975
[12:35:00]      時間: Wed, 18 Mar 2026 23:23:06 +0000
[12:35:00]      偵測延遲: 220314.5秒
[12:35:00]      內容: ...
[12:35:00]      ⚪ 無信號 (0ms)
[12:35:00]   🆕 新推文偵測！
[12:35:00]      ID: 116252723144189442
[12:35:00]      時間: Wed, 18 Mar 2026 23:16:20 +0000
[12:35:00]      偵測延遲: 220720.5秒
[12:35:00]      內容: ...
[12:35:00]      ⚪ 無信號 (0ms)
[12:35:00]   🆕 新推文偵測！
[12:35:00]      ID: 116252627848707423
[12:35:00]      時間: Wed, 18 Mar 2026 22:52:06 +0000
[12:35:00]      偵測延遲: 222174.5秒
[12:35:00]      內容: ...
[12:35:00]      ⚪ 無信號 (0ms)
[12:35:00]   🆕 新推文偵測！
[12:35:00]      ID: 116250298165333422
[12:35:00]      時間: Wed, 18 Mar 2026 12:59:38 +0000
[12:35:00]      偵測延遲: 257722.5秒
[12:35:00]      內容: RT: https://truthsocial.com/users/realDonaldTrump/statuses/116250297283069512...
[12:35:00]      ⚪ 無信號 (0ms)
[12:35:00]   🆕 新推文偵測！
[12:35:00]      ID: 116250297283069512
[12:35:00]      時間: Wed, 18 Mar 2026 12:59:24 +0000
[12:35:00]      偵測延遲: 257736.5秒
[12:35:00]      內容: ...
[12:35:00]      ⚪ 無信號 (0ms)
[12:35:00]   🆕 新推文偵測！
[12:35:00]      ID: 116250236426568567
[12:35:00]      時間: Wed, 18 Mar 2026 12:43:56 +0000
[12:35:00]      偵測延遲: 258664.5秒
[12:35:00]      內容: US allies need to get a grip – step up and help open the Strait of Hormuz:...
[12:35:00]      ⚪ 無信號 (0ms)
[12:35:00]   🆕 新推文偵測！
[12:35:00]      ID: 116250207334512491
[12:35:00]      時間: Wed, 18 Mar 2026 12:36:32 +0000
[12:35:00]      偵測延遲: 259108.5秒
[12:35:00]      內容: ...
[12:35:00]      ⚪ 無信號 (0ms)
[12:35:00]   🆕 新推文偵測！
[12:35:00]      ID: 116250206644518855
[12:35:00]      時間: Wed, 18 Mar 2026 12:36:21 +0000
[12:35:00]      偵測延遲: 259119.5秒
[12:35:00]      內容: ...
[12:35:00]      ⚪ 無信號 (0ms)
[12:35:00]   🆕 新推文偵測！
[12:35:00]      ID: 116250205888594298
[12:35:00]      時間: Wed, 18 Mar 2026 12:36:10 +0000
[12:35:00]      偵測延遲: 259130.5秒
[12:35:00]      內容: ...
[12:35:00]      ⚪ 無信號 (0ms)
[12:35:00]   🆕 新推文偵測！
[12:35:00]      ID: 116250204937254737
[12:35:00]      時間: Wed, 18 Mar 2026 12:35:55 +0000
[12:35:00]      偵測延遲: 259145.5秒
[12:35:00]      內容: ...
[12:35:00]      ⚪ 無信號 (0ms)
[12:35:00]   🆕 新推文偵測！
[12:35:00]      ID: 116250203405172359
[12:35:00]      時間: Wed, 18 Mar 2026 12:35:32 +0000
[12:35:00]      偵測延遲: 259168.6秒
[12:35:00]      內容: I wonder what would happen if we “finished off” what’s left of the Iranian Terror State, and let the...
[12:35:00]      ⚪ 無信號 (0ms)
[12:35:00]   🆕 新推文偵測！
[12:35:00]      ID: 116250143939100110
[12:35:00]      時間: Wed, 18 Mar 2026 12:20:24 +0000
[12:35:00]      偵測延遲: 260076.6秒
[12:35:00]      內容: For all of the Fake News out there, it’s called THE SAVE AMERICA ACT, not the SAVE ACT. Nobody knows...
[12:35:00]      ⚪ 無信號 (0ms)
[12:35:00]   🆕 新推文偵測！
[12:35:00]      ID: 116250115423447200
[12:35:00]      時間: Wed, 18 Mar 2026 12:13:09 +0000
[12:35:00]      偵測延遲: 260511.6秒
[12:35:00]      內容: When is “Too Late” Powell lowering INTEREST RATES? President DJT...
[12:35:00]      ⚪ 無信號 (0ms)
[12:35:00]   🆕 新推文偵測！
[12:35:00]      ID: 116250068528701090
[12:35:00]      時間: Wed, 18 Mar 2026 12:01:14 +0000
[12:35:00]      偵測延遲: 261226.6秒
[12:35:00]      內容: Remember, for all of those absolute “fools” out there, Iran is considered, by everyone, to be the NU...
[12:35:00]      ⚪ 無信號 (0ms)
[12:35:00]   🆕 新推文偵測！
[12:35:00]      ID: 116249915914904632
[12:35:00]      時間: Wed, 18 Mar 2026 11:22:25 +0000
[12:35:00]      偵測延遲: 263555.6秒
[12:35:00]      內容: I wonder what would happen if we “finished off” what’s left of the Iranian Terror State, and let the...
[12:35:00]      ⚪ 無信號 (0ms)
[12:35:00]   🆕 新推文偵測！
[12:35:00]      ID: 116249873076369025
[12:35:00]      時間: Wed, 18 Mar 2026 11:11:31 +0000
[12:35:00]      偵測延遲: 264209.6秒
[12:35:00]      內容: The Democrat’s purposeful DHS SHUTDOWN is causing chaos at the airports. These Lunatics are being to...
[12:35:00]      ⚪ 無信號 (0ms)
[12:35:00]   🆕 新推文偵測！
[12:35:00]      ID: 116249447962443816
[12:35:00]      時間: Wed, 18 Mar 2026 09:23:25 +0000
[12:35:00]      偵測延遲: 270695.6秒
[12:35:00]      內容: Britain had meltdown when China hacked voter files, but U.S. intel kept it secret in America:...
[12:35:00]      ⚪ 無信號 (0ms)
[12:35:00]   🆕 新推文偵測！
[12:35:00]      ID: 116249435067996399
[12:35:00]      時間: Wed, 18 Mar 2026 09:20:08 +0000
[12:35:00]      偵測延遲: 270892.6秒
[12:35:00]      內容: Trump steamrolls over California’s anti-fossil fuel crusade to get oil flowing from offshore rigs:...
[12:35:00]      ⚪ 無信號 (0ms)
[12:35:00]   🆕 新推文偵測！
[12:35:00]      ID: 116247928951810982
[12:35:00]      時間: Wed, 18 Mar 2026 02:57:06 +0000
[12:35:00]      偵測延遲: 293874.6秒
[12:35:00]      內容: STATEHOOD!!! President DJT...
[12:35:00]      ⚪ 無信號 (0ms)
[12:35:00]   🆕 新推文偵測！
[12:35:00]      ID: 116247522086271962
[12:35:00]      時間: Wed, 18 Mar 2026 01:13:38 +0000
[12:35:00]      偵測延遲: 300082.6秒
[12:35:00]      內容: ...
[12:35:00]      ⚪ 無信號 (0ms)
[12:35:00]   🆕 新推文偵測！
[12:35:00]      ID: 116245182325726375
[12:35:00]      時間: Tue, 17 Mar 2026 15:18:36 +0000
[12:35:00]      偵測延遲: 335784.6秒
[12:35:00]      內容: The United States has been informed by most of our NATO “Allies” that they don’t want to get involve...
[12:35:00]      ⚪ 無信號 (0ms)
[12:35:00]   🆕 新推文偵測！
[12:35:00]      ID: 116244486426312346
[12:35:00]      時間: Tue, 17 Mar 2026 12:21:38 +0000
[12:35:00]      偵測延遲: 346402.6秒
[12:35:00]      內容: The Save America Act is one of the most IMPORTANT &amp; CONSEQUENTIAL pieces of legislation in the h...
[12:35:00]      ⚪ 無信號 (0ms)
[12:35:00]   🆕 新推文偵測！
[12:35:00]      ID: 116243698779273101
[12:35:00]      時間: Tue, 17 Mar 2026 09:01:19 +0000
[12:35:00]      偵測延遲: 358421.6秒
[12:35:00]      內容: The US-Israeli strategy against Iran is working. Here is why:...
[12:35:00]      ⚪ 無信號 (0ms)
[12:35:00]   🆕 新推文偵測！
[12:35:00]      ID: 116242335330134909
[12:35:00]      時間: Tue, 17 Mar 2026 03:14:34 +0000
[12:35:00]      偵測延遲: 379226.6秒
[12:35:00]      內容: Wow! Venezuela defeated Italy tonight, 4-2, in the WBC (Baseball!) Semifinal. They are looking reall...
[12:35:00]      ⚪ 無信號 (0ms)
[12:35:00]   🆕 新推文偵測！
[12:35:00]      ID: 116242184760039996
[12:35:00]      時間: Tue, 17 Mar 2026 02:36:17 +0000
[12:35:00]      偵測延遲: 381523.6秒
[12:35:00]      內容: ...
[12:35:00]      ⚪ 無信號 (0ms)
[12:35:00]   🆕 新推文偵測！
[12:35:00]      ID: 116241961295404159
[12:35:00]      時間: Tue, 17 Mar 2026 01:39:27 +0000
[12:35:00]      偵測延遲: 384933.6秒
[12:35:00]      內容: “Hang Out with Sean Hannity” is a GREAT  New Podcast, Streaming Now!!! Sean is a fantastic guy, and ...
[12:35:00]      ⚪ 無信號 (0ms)
[12:35:00]   🆕 新推文偵測！
[12:35:00]      ID: 116241562639922898
[12:35:00]      時間: Mon, 16 Mar 2026 23:58:04 +0000
[12:35:00]      偵測延遲: 391016.6秒
[12:35:00]      內容: Prez Trump Draws Massive Crowd Reaction At CFP Title Game In Miami:...
[12:35:00]      ⚪ 無信號 (0ms)
[12:35:00]   🆕 新推文偵測！
[12:35:00]      ID: 116241561679397928
[12:35:00]      時間: Mon, 16 Mar 2026 23:57:49 +0000
[12:35:00]      偵測延遲: 391031.6秒
[12:35:00]      內容: WATCH: Trump Cheered During National Anthem at College Football National Championship Game:...
[12:35:00]      ⚪ 無信號 (0ms)
[12:35:00]   🆕 新推文偵測！
[12:35:00]      ID: 116241559915911661
[12:35:00]      時間: Mon, 16 Mar 2026 23:57:23 +0000
[12:35:00]      偵測延遲: 391057.6秒
[12:35:00]      內容: WATCH: Crowd Goes WILD for Trump During National Anthem at the College Football Championship in Miam...
[12:35:00]      ⚪ 無信號 (0ms)
[12:35:00]   🆕 新推文偵測！
[12:35:00]      ID: 116241557993544867
[12:35:00]      時間: Mon, 16 Mar 2026 23:56:53 +0000
[12:35:00]      偵測延遲: 391087.6秒
[12:35:00]      內容: Jack Smith targeted then-House Speaker McCarthy’s private phone records in J6 probe, FBI docs reveal...
[12:35:00]      ⚪ 無信號 (0ms)
[12:35:00]   🆕 新推文偵測！
[12:35:00]      ID: 116241557064413752
[12:35:00]      時間: Mon, 16 Mar 2026 23:56:39 +0000
[12:35:00]      偵測延遲: 391101.6秒
[12:35:00]      內容: Jack Smith meeting with then-FBI Director Wray recorded as ‘significant case notification’ in J6 pro...
[12:35:00]      ⚪ 無信號 (0ms)
[12:35:00]   🆕 新推文偵測！
[12:35:00]      ID: 116241553340894634
[12:35:00]      時間: Mon, 16 Mar 2026 23:55:42 +0000
[12:35:00]      偵測延遲: 391158.6秒
[12:35:00]      內容: NATO long warned of Russian, Chinese threats to Greenland, now rejects Trump’s ownership solution:...
[12:35:00]      ⚪ 無信號 (0ms)
[12:35:00]   🆕 新推文偵測！
[12:35:00]      ID: 116241548802837887
[12:35:00]      時間: Mon, 16 Mar 2026 23:54:33 +0000
[12:35:00]      偵測延遲: 391227.6秒
[12:35:00]      內容: Clay County Sheriff Michelle Cook honored by President Trump at Women’s History Month event at White...
[12:35:00]      ⚪ 無信號 (0ms)
[12:35:00]   🆕 新推文偵測！
[12:35:00]      ID: 116239674084445278
[12:35:00]      時間: Mon, 16 Mar 2026 15:57:47 +0000
[12:35:00]      偵測延遲: 419833.6秒
[12:35:00]      內容: Susie Wiles is an incredible Chief of Staff, a great person, and one of the strongest people I know ...
[12:35:00]      📡 信號: ACTION(75%) (0ms)
[12:35:00]      🎯 預測: UP (75%) | 1多/0空 (0ms)
[12:35:00]      ⏱️ 全鏈路: 偵測419834s + 分類0ms + 預測0ms = 共419833.6s
[12:35:00]      💰 Polymarket: 等待錢包設定...
[12:35:00]   🆕 新推文偵測！
[12:35:00]      ID: 116239050427498715
[12:35:00]      時間: Mon, 16 Mar 2026 13:19:11 +0000
[12:35:00]      偵測延遲: 429349.6秒
[12:35:00]      內容: News Conference today, prior to Trump Kennedy Center Board Meeting. Thank you!...
[12:35:00]      ⚪ 無信號 (0ms)
[12:35:00]   🆕 新推文偵測！
[12:35:00]      ID: 116239040439932874
[12:35:00]      時間: Mon, 16 Mar 2026 13:16:38 +0000
[12:35:00]      偵測延遲: 429502.6秒
[12:35:00]      內容: The crazed Democrats are not allowing TSA Agents to get paid. The deal was made a long time ago. The...
[12:35:00]      📡 信號: DEAL(65%) (0ms)
[12:35:00]      🎯 預測: UP (65%) | 1多/0空 (0ms)
[12:35:00]      ⏱️ 全鏈路: 偵測429503s + 分類0ms + 預測0ms = 共429502.6s
[12:35:00]      💰 Polymarket: 等待錢包設定...
[12:35:00]   🆕 新推文偵測！
[12:35:00]      ID: 116238791857146568
[12:35:00]      時間: Mon, 16 Mar 2026 12:13:25 +0000
[12:35:00]      偵測延遲: 433295.6秒
[12:35:00]      內容: ...
[12:35:00]      ⚪ 無信號 (0ms)
[12:35:00]   🆕 新推文偵測！
[12:35:00]      ID: 116238790930991351
[12:35:00]      時間: Mon, 16 Mar 2026 12:13:11 +0000
[12:35:00]      偵測延遲: 433309.6秒
[12:35:00]      內容: ...
[12:35:00]      ⚪ 無信號 (0ms)
[12:35:00]   🆕 新推文偵測！
[12:35:00]      ID: 116238700372346046
[12:35:00]      時間: Mon, 16 Mar 2026 11:50:09 +0000
[12:35:00]      偵測延遲: 434691.6秒
[12:35:00]      內容: Michael Whatley is so Great! Running against a really bad former Governor who set murderers free to ...
[12:35:00]      ⚪ 無信號 (0ms)
[12:35:00]   🆕 新推文偵測！
[12:35:00]      ID: 116236850873003597
[12:35:00]      時間: Mon, 16 Mar 2026 03:59:48 +0000
[12:35:00]      偵測延遲: 462912.6秒
[12:35:00]      內容: ...
[12:35:00]      ⚪ 無信號 (0ms)
[12:35:00]   🆕 新推文偵測！
[12:35:00]      ID: 116236561191626050
[12:35:00]      時間: Mon, 16 Mar 2026 02:46:08 +0000
[12:35:00]      偵測延遲: 467332.6秒
[12:35:00]      內容: The Courts treat Republicans, and me, so unfairly, always seeming to protect those who should not be...
[12:35:00]      📡 信號: TARIFF(75%), BEARISH(90%) (0ms)
[12:35:00]      🎯 預測: DOWN (90%) | 0多/2空 (0ms)
[12:35:00]      ⏱️ 全鏈路: 偵測467333s + 分類0ms + 預測0ms = 共467332.6s
[12:35:00]      💰 Polymarket: 等待錢包設定...
[12:35:00]   🆕 新推文偵測！
[12:35:00]      ID: 116236559151421767
[12:35:00]      時間: Mon, 16 Mar 2026 02:45:37 +0000
[12:35:00]      偵測延遲: 467363.6秒
[12:35:00]      內容: The decision that mattered most to me was TARIFFS! The Court knew where I stood, how badly I wanted ...
[12:35:00]      📡 信號: TARIFF(90%) (0ms)
[12:35:00]      🎯 預測: DOWN (90%) | 0多/1空 (0ms)
[12:35:00]      ⏱️ 全鏈路: 偵測467364s + 分類0ms + 預測0ms = 共467363.6s
[12:35:00]      💰 Polymarket: 等待錢包設定...
[12:35:00]   🆕 新推文偵測！
[12:35:00]      ID: 116236498017197393
[12:35:00]      時間: Mon, 16 Mar 2026 02:30:04 +0000
[12:35:00]      偵測延遲: 468296.6秒
[12:35:00]      內容: Mark Levin, a truly Great American Patriot, is somewhat under siege by other people with far less In...
[12:35:00]      📡 信號: DEAL(65%) (0ms)
[12:35:00]      🎯 預測: UP (65%) | 1多/0空 (0ms)
[12:35:00]      ⏱️ 全鏈路: 偵測468297s + 分類0ms + 預測0ms = 共468296.6s
[12:35:00]      💰 Polymarket: 等待錢包設定...
[12:35:00]   🆕 新推文偵測！
[12:35:00]      ID: 116235861005528220
[12:35:00]      時間: Sun, 15 Mar 2026 23:48:04 +0000
[12:35:00]      偵測延遲: 478016.6秒
[12:35:00]      內容: Iran has long been known as a Master of Media Manipulation and Public Relations. They are Militarily...
[12:35:00]      📡 信號: RELIEF(75%), ACTION(75%) (0ms)
[12:35:00]      🎯 預測: UP (75%) | 2多/0空 (0ms)
[12:35:00]      ⏱️ 全鏈路: 偵測478017s + 分類0ms + 預測0ms = 共478016.6s
[12:35:00]      💰 Polymarket: 等待錢包設定...
[12:35:00]   🆕 新推文偵測！
[12:35:00]      ID: 116229166794959253
[12:35:00]      時間: Sat, 14 Mar 2026 19:25:39 +0000
[12:35:00]      偵測延遲: 580161.6秒
[12:35:00]      內容: McLaughlin: Strong Majority Backs Trump in Stopping Iran's Nuclear Ambitions:...
[12:35:00]      ⚪ 無信號 (0ms)
[12:35:00]   🆕 新推文偵測！
[12:35:00]      ID: 116229058692001771
[12:35:00]      時間: Sat, 14 Mar 2026 18:58:09 +0000
[12:35:00]      偵測延遲: 581811.6秒
[12:35:00]      內容: The United States of America has beaten and completely decimated Iran, both Militarily, Economically...
[12:35:00]      ⚪ 無信號 (0ms)
[12:35:00]   🆕 新推文偵測！
[12:35:00]      ID: 116228130264134892
[12:35:00]      時間: Sat, 14 Mar 2026 15:02:02 +0000
[12:35:00]      偵測延遲: 595978.6秒
[12:35:00]      內容: ...
[12:35:00]      ⚪ 無信號 (0ms)
[12:35:00]   🆕 新推文偵測！
[12:35:00]      ID: 116227904143399817
[12:35:00]      時間: Sat, 14 Mar 2026 14:04:32 +0000
[12:35:00]      偵測延遲: 599428.6秒
[12:35:00]      內容: Many Countries, especially those who are affected by Iran’s attempted closure of the Hormuz Strait, ...
[12:35:00]      ⚪ 無信號 (0ms)
[12:35:00]   🆕 新推文偵測！
[12:35:00]      ID: 116227789768118115
[12:35:00]      時間: Sat, 14 Mar 2026 13:35:27 +0000
[12:35:00]      偵測延遲: 601173.6秒
[12:35:00]      內容: Yet again, an intentionally misleading headline by the Fake News Media about the five tanker planes ...
[12:35:00]      📡 信號: BEARISH(65%) (0ms)
[12:35:00]      🎯 預測: DOWN (65%) | 0多/1空 (0ms)
[12:35:00]      ⏱️ 全鏈路: 偵測601174s + 分類0ms + 預測0ms = 共601173.6s
[12:35:00]      💰 Polymarket: 等待錢包設定...
[12:35:00]   🆕 新推文偵測！
[12:35:00]      ID: 116227449614232103
[12:35:00]      時間: Sat, 14 Mar 2026 12:08:56 +0000
[12:35:00]      偵測延遲: 606364.6秒
[12:35:00]      內容: Thank you to Johnny Jones and all of our GREAT TSA Agents who are going to work but not being paid b...
[12:35:00]      📡 信號: DEAL(75%), BEARISH(75%) (0ms)
[12:35:00]      🎯 預測: NEUTRAL (30%) | 1多/1空 (0ms)
[12:35:00]      ⏱️ 全鏈路: 偵測606365s + 分類0ms + 預測0ms = 共606364.6s
[12:35:00]      💰 Polymarket: 等待錢包設定...
[12:35:00]   🆕 新推文偵測！
[12:35:00]      ID: 116225502010036899
[12:35:00]      時間: Sat, 14 Mar 2026 03:53:38 +0000
[12:35:00]      偵測延遲: 636082.6秒
[12:35:00]      內容: The Fake News Media hates to report how well the United States Military has done against Iran, which...
[12:35:00]      📡 信號: DEAL(65%) (0ms)
[12:35:00]      🎯 預測: UP (65%) | 1多/0空 (0ms)
[12:35:00]      ⏱️ 全鏈路: 偵測636083s + 分類0ms + 預測0ms = 共636082.6s
[12:35:00]      💰 Polymarket: 等待錢包設定...
[12:35:00]   🆕 新推文偵測！
[12:35:00]      ID: 116224969922841857
[12:35:00]      時間: Sat, 14 Mar 2026 01:38:19 +0000
[12:35:00]      偵測延遲: 644201.6秒
[12:35:00]      內容: RT @realDonaldTrump...
[12:35:00]      ⚪ 無信號 (0ms)
[12:35:00]   🆕 新推文偵測！
[12:35:00]      ID: 116224969784331828
[12:35:00]      時間: Sat, 14 Mar 2026 01:38:17 +0000
[12:35:00]      偵測延遲: 644203.6秒
[12:35:00]      內容: RT @realDonaldTrumpIran had plans of taking over the entire Middle East, and completely obliterating...
[12:35:00]      ⚪ 無信號 (0ms)
[12:35:00]   🆕 新推文偵測！
[12:35:00]      ID: 116224969438347868
[12:35:00]      時間: Sat, 14 Mar 2026 01:38:12 +0000
[12:35:00]      偵測延遲: 644208.6秒
[12:35:00]      內容: RT @realDonaldTrumpMoments ago, at my direction, the United States Central Command executed one of t...
[12:35:00]      📡 信號: ACTION(80%) (0ms)
[12:35:00]      🎯 預測: UP (80%) | 1多/0空 (0ms)
[12:35:00]      ⏱️ 全鏈路: 偵測644209s + 分類0ms + 預測0ms = 共644208.6s
[12:35:00]      💰 Polymarket: 等待錢包設定...
[12:35:00]   🆕 新推文偵測！
[12:35:00]      ID: 116224927432061954
[12:35:00]      時間: Sat, 14 Mar 2026 01:27:31 +0000
[12:35:00]      偵測延遲: 644849.6秒
[12:35:00]      內容: RT @jmclghlnStrong Majority backs @realDonaldTrump stopping Iran from getting Nukes @DanScavino @Ste...
[12:35:00]      ⚪ 無信號 (0ms)
[12:35:00]   🆕 新推文偵測！
[12:35:00]      ID: 116224905719469197
[12:35:00]      時間: Sat, 14 Mar 2026 01:22:00 +0000
[12:35:00]      偵測延遲: 645180.6秒
[12:35:00]      內容: ...
[12:35:00]      ⚪ 無信號 (0ms)
[12:35:00]   🆕 新推文偵測！
[12:35:00]      ID: 116224689822209648
[12:35:00]      時間: Sat, 14 Mar 2026 00:27:05 +0000
[12:35:00]      偵測延遲: 648475.6秒
[12:35:00]      內容: RT @realDonaldTrumpIran had plans of taking over the entire Middle East, and completely obliterating...
[12:35:00]      ⚪ 無信號 (0ms)
[12:35:00]   🆕 新推文偵測！
[12:35:00]      ID: 116224689504709938
[12:35:00]      時間: Sat, 14 Mar 2026 00:27:01 +0000
[12:35:00]      偵測延遲: 648479.6秒
[12:35:00]      內容: RT @realDonaldTrumpMoments ago, at my direction, the United States Central Command executed one of t...
[12:35:00]      📡 信號: ACTION(80%) (0ms)
[12:35:00]      🎯 預測: UP (80%) | 1多/0空 (0ms)
[12:35:00]      ⏱️ 全鏈路: 偵測648480s + 分類0ms + 預測0ms = 共648479.6s
[12:35:00]      💰 Polymarket: 等待錢包設定...
[12:35:00]   🆕 新推文偵測！
[12:35:00]      ID: 116224689141094171
[12:35:00]      時間: Sat, 14 Mar 2026 00:26:55 +0000
[12:35:00]      偵測延遲: 648485.6秒
[12:35:00]      內容: ...
[12:35:00]      ⚪ 無信號 (0ms)
[12:35:00]   🆕 新推文偵測！
[12:35:00]      ID: 116224679946844145
[12:35:00]      時間: Sat, 14 Mar 2026 00:24:35 +0000
[12:35:00]      偵測延遲: 648625.6秒
[12:35:00]      內容: RT @realDonaldTrumpIran had plans of taking over the entire Middle East, and completely obliterating...
[12:35:00]      ⚪ 無信號 (0ms)
[12:35:00]   🆕 新推文偵測！
[12:35:00]      ID: 116224679791927248
[12:35:00]      時間: Sat, 14 Mar 2026 00:24:32 +0000
[12:35:00]      偵測延遲: 648628.6秒
[12:35:00]      內容: RT @realDonaldTrumpMoments ago, at my direction, the United States Central Command executed one of t...
[12:35:00]      📡 信號: ACTION(80%) (0ms)
[12:35:00]      🎯 預測: UP (80%) | 1多/0空 (0ms)
[12:35:00]      ⏱️ 全鏈路: 偵測648629s + 分類0ms + 預測0ms = 共648628.6s
[12:35:00]      💰 Polymarket: 等待錢包設定...
[12:35:00]   🆕 新推文偵測！
[12:35:00]      ID: 116224678781425626
[12:35:00]      時間: Sat, 14 Mar 2026 00:24:17 +0000
[12:35:00]      偵測延遲: 648643.6秒
[12:35:00]      內容: ...
[12:35:00]      ⚪ 無信號 (0ms)
[12:35:00]   🆕 新推文偵測！
[12:35:00]      ID: 116224677710108561
[12:35:00]      時間: Sat, 14 Mar 2026 00:24:01 +0000
[12:35:00]      偵測延遲: 648659.6秒
[12:35:00]      內容: ...
[12:35:00]      ⚪ 無信號 (0ms)
[12:35:00]   🆕 新推文偵測！
[12:35:00]      ID: 116224645615624276
[12:35:00]      時間: Sat, 14 Mar 2026 00:15:51 +0000
[12:35:00]      偵測延遲: 649149.6秒
[12:35:00]      內容: ...
[12:35:00]      ⚪ 無信號 (0ms)
[12:35:00]   🆕 新推文偵測！
[12:35:00]      ID: 116224634088762061
[12:35:00]      時間: Sat, 14 Mar 2026 00:12:55 +0000
[12:35:00]      偵測延遲: 649325.6秒
[12:35:00]      內容: Kevin Hern, from the Wonderful State of Oklahoma (where I won all 77 out of 77 Counties, in 2016, 20...
[12:35:00]      ⚪ 無信號 (0ms)
[12:35:00]   🆕 新推文偵測！
[12:35:00]      ID: 116224631824988888
[12:35:00]      時間: Sat, 14 Mar 2026 00:12:20 +0000
[12:35:00]      偵測延遲: 649360.6秒
[12:35:00]      內容: Trump Investment Surge: Trillions Pour Into America As Economic Revival Accelerates:...
[12:35:00]      ⚪ 無信號 (0ms)
[12:35:00]   🆕 新推文偵測！
[12:35:00]      ID: 116224630912933489
[12:35:00]      時間: Sat, 14 Mar 2026 00:12:06 +0000
[12:35:00]      偵測延遲: 649374.6秒
[12:35:00]      內容: US Olympic bobsledder surprises Trump, awards him prestigious Order of Ikkos medal:...
[12:35:00]      ⚪ 無信號 (0ms)
[12:35:00]   🆕 新推文偵測！
[12:35:00]      ID: 116224629259359835
[12:35:00]      時間: Sat, 14 Mar 2026 00:11:41 +0000
[12:35:00]      偵測延遲: 649399.7秒
[12:35:00]      內容: Trump honors Virginia mom, farmer at White House Women's History Month event:...
[12:35:00]      ⚪ 無信號 (0ms)
[12:35:00]   🆕 新推文偵測！
[12:35:00]      ID: 116224627869912229
[12:35:00]      時間: Sat, 14 Mar 2026 00:11:20 +0000
[12:35:00]      偵測延遲: 649420.7秒
[12:35:00]      內容: Baltimore woman honored by President Trump during Women’s History Month:...
[12:35:00]      ⚪ 無信號 (0ms)
[12:35:00]   🆕 新推文偵測！
[12:35:00]      ID: 116224518730089644
[12:35:00]      時間: Fri, 13 Mar 2026 23:43:35 +0000
[12:35:00]      偵測延遲: 651085.7秒
[12:35:00]      內容: Iran had plans of taking over the entire Middle East, and completely obliterating Israel. JUST LIKE ...
[12:35:00]      ⚪ 無信號 (0ms)
[12:35:00]   🆕 新推文偵測！
[12:35:00]      ID: 116224324444349237
[12:35:00]      時間: Fri, 13 Mar 2026 22:54:10 +0000
[12:35:00]      偵測延遲: 654050.7秒
[12:35:00]      內容: Moments ago, at my direction, the United States Central Command executed one of the most powerful bo...
[12:35:00]      📡 信號: ACTION(80%) (0ms)
[12:35:00]      🎯 預測: UP (80%) | 1多/0空 (0ms)
[12:35:00]      ⏱️ 全鏈路: 偵測654051s + 分類0ms + 預測0ms = 共654050.7s
[12:35:00]      💰 Polymarket: 等待錢包設定...
[12:35:00]   🆕 新推文偵測！
[12:35:00]      ID: 116224183027304989
[12:35:00]      時間: Fri, 13 Mar 2026 22:18:12 +0000
[12:35:00]      偵測延遲: 656208.7秒
[12:35:00]      內容: It is my Great Honor to endorse America First Patriot, Jon Maples, who is running to represent the w...
[12:35:00]      ⚪ 無信號 (0ms)
[12:35:00]   🆕 新推文偵測！
[12:35:00]      ID: 116224179318558161
[12:35:00]      時間: Fri, 13 Mar 2026 22:17:16 +0000
[12:35:00]      偵測延遲: 656264.7秒
[12:35:00]      內容: After meeting with Governor Gretchen Whitmer, and hearing from our GREAT Republican Candidate for th...
[12:35:00]      ⚪ 無信號 (0ms)
[12:35:30] 💓 心跳: 已監控 2730 分鐘, 無新推文
[12:40:34] 💓 心跳: 已監控 2735 分鐘, 無新推文
[12:45:37] 💓 心跳: 已監控 2740 分鐘, 無新推文
[12:50:39] 💓 心跳: 已監控 2745 分鐘, 無新推文
[12:55:42] 💓 心跳: 已監控 2750 分鐘, 無新推文
[13:00:45] 💓 心跳: 已監控 2755 分鐘, 無新推文
[13:05:49] 💓 心跳: 已監控 2760 分鐘, 無新推文
[13:10:52] 💓 心跳: 已監控 2765 分鐘, 無新推文
[13:15:55] 💓 心跳: 已監控 2770 分鐘, 無新推文
[13:20:58] 💓 心跳: 已監控 2775 分鐘, 無新推文
[13:26:02] 💓 心跳: 已監控 2780 分鐘, 無新推文
[13:31:05] 💓 心跳: 已監控 2785 分鐘, 無新推文
[13:36:08] 💓 心跳: 已監控 2790 分鐘, 無新推文
[13:41:11] 💓 心跳: 已監控 2795 分鐘, 無新推文
[13:46:14] 💓 心跳: 已監控 2800 分鐘, 無新推文
[13:51:17] 💓 心跳: 已監控 2805 分鐘, 無新推文
[13:56:21] 💓 心跳: 已監控 2810 分鐘, 無新推文
[14:01:24] 💓 心跳: 已監控 2815 分鐘, 無新推文
[14:06:27] 💓 心跳: 已監控 2820 分鐘, 無新推文
[14:11:30] 💓 心跳: 已監控 2825 分鐘, 無新推文
[14:16:33] 💓 心跳: 已監控 2830 分鐘, 無新推文
[14:21:38] 💓 心跳: 已監控 2835 分鐘, 無新推文
[14:26:41] 💓 心跳: 已監控 2840 分鐘, 無新推文
[14:31:44] 💓 心跳: 已監控 2845 分鐘, 無新推文
[14:36:47] 💓 心跳: 已監控 2850 分鐘, 無新推文
[14:41:50] 💓 心跳: 已監控 2855 分鐘, 無新推文
[14:46:53] 💓 心跳: 已監控 2860 分鐘, 無新推文
[14:51:56] 💓 心跳: 已監控 2865 分鐘, 無新推文
[14:56:59] 💓 心跳: 已監控 2870 分鐘, 無新推文
[15:02:02] 💓 心跳: 已監控 2875 分鐘, 無新推文
[15:07:05] 💓 心跳: 已監控 2880 分鐘, 無新推文
[15:12:08] 💓 心跳: 已監控 2885 分鐘, 無新推文
[15:17:12] 💓 心跳: 已監控 2890 分鐘, 無新推文
[15:22:15] 💓 心跳: 已監控 2895 分鐘, 無新推文
[15:27:18] 💓 心跳: 已監控 2900 分鐘, 無新推文
[15:32:21] 💓 心跳: 已監控 2905 分鐘, 無新推文
[15:35:23] 📡 RSS 掃描: 100 篇, 1 篇新的 (412ms)
[15:35:23]   🆕 新推文偵測！
[15:35:23]      ID: 116267892671497457
[15:35:23]      時間: Sat, 21 Mar 2026 15:34:09 +0000
[15:35:23]      偵測延遲: 75.0秒
[15:35:23]      內容: If the Radical Left Democrats don’t immediately sign an agreement to let our Country, in particular,...
[15:35:23]      📡 信號: DEAL(65%), ACTION(65%) (0ms)
[15:35:23]      🎯 預測: UP (65%) | 2多/0空 (0ms)
[15:35:23]      ⏱️ 全鏈路: 偵測75s + 分類0ms + 預測0ms = 共75.0s
[15:35:23]      💰 Polymarket: 等待錢包設定...
[15:37:25] 💓 心跳: 已監控 2910 分鐘, 無新推文
[15:42:28] 💓 心跳: 已監控 2915 分鐘, 無新推文
[15:47:32] 💓 心跳: 已監控 2920 分鐘, 無新推文
[15:52:35] 💓 心跳: 已監控 2925 分鐘, 無新推文
[15:57:38] 💓 心跳: 已監控 2930 分鐘, 無新推文
[16:02:41] 💓 心跳: 已監控 2935 分鐘, 無新推文
[16:07:45] 💓 心跳: 已監控 2940 分鐘, 無新推文
[16:12:48] 💓 心跳: 已監控 2945 分鐘, 無新推文
[16:17:51] 💓 心跳: 已監控 2950 分鐘, 無新推文
[16:22:54] 💓 心跳: 已監控 2955 分鐘, 無新推文
[16:27:58] 💓 心跳: 已監控 2960 分鐘, 無新推文
[16:33:01] 💓 心跳: 已監控 2965 分鐘, 無新推文
[16:38:04] 💓 心跳: 已監控 2970 分鐘, 無新推文
[16:43:07] 💓 心跳: 已監控 2975 分鐘, 無新推文
[16:48:11] 💓 心跳: 已監控 2980 分鐘, 無新推文
[16:53:14] 💓 心跳: 已監控 2985 分鐘, 無新推文
[16:55:15] 📡 RSS 掃描: 100 篇, 1 篇新的 (299ms)
[16:55:15]   🆕 新推文偵測！
[16:55:15]      ID: 116268200625887787
[16:55:15]      時間: Sat, 21 Mar 2026 16:52:28 +0000
[16:55:15]      偵測延遲: 167.9秒
[16:55:15]      內容: Highly Respected America First Congresswoman, Julia Letlow, of the wonderful State of Louisiana, is ...
[16:55:15]      ⚪ 無信號 (0ms)
[16:58:17] 💓 心跳: 已監控 2990 分鐘, 無新推文
[17:03:20] 💓 心跳: 已監控 2995 分鐘, 無新推文
[17:08:24] 💓 心跳: 已監控 3000 分鐘, 無新推文
[17:13:26] 💓 心跳: 已監控 3005 分鐘, 無新推文
[17:18:30] 💓 心跳: 已監控 3010 分鐘, 無新推文
[17:23:34] 💓 心跳: 已監控 3015 分鐘, 無新推文
[17:28:37] 💓 心跳: 已監控 3020 分鐘, 無新推文
[17:30:39] 📡 RSS 掃描: 100 篇, 1 篇新的 (290ms)
[17:30:39]   🆕 新推文偵測！
[17:30:39]      ID: 116268334535345382
[17:30:39]      時間: Sat, 21 Mar 2026 17:26:31 +0000
[17:30:39]      偵測延遲: 248.0秒
[17:30:39]      內容: Robert Mueller just died. Good, I’m glad he’s dead. He can no longer hurt innocent people! President...
[17:30:39]      ⚪ 無信號 (0ms)
[17:33:40] 💓 心跳: 已監控 3025 分鐘, 無新推文
[17:38:44] 💓 心跳: 已監控 3030 分鐘, 無新推文
[17:43:47] 💓 心跳: 已監控 3035 分鐘, 無新推文
[17:45:18] 📡 RSS 掃描: 100 篇, 1 篇新的 (682ms)
[17:45:18]   🆕 新推文偵測！
[17:45:18]      ID: 116268396341038197
[17:45:18]      時間: Sat, 21 Mar 2026 17:42:14 +0000
[17:45:18]      偵測延遲: 184.4秒
[17:45:18]      內容: The Radical Left Democrats have hurt so many people with their vicious and uncaring ways. What they ...
[17:45:18]      ⚪ 無信號 (0ms)
[17:48:50] 💓 心跳: 已監控 3040 分鐘, 無新推文
[17:53:53] 💓 心跳: 已監控 3045 分鐘, 無新推文
[17:58:57] 💓 心跳: 已監控 3050 分鐘, 無新推文
[18:04:00] 💓 心跳: 已監控 3055 分鐘, 無新推文
[18:09:04] 💓 心跳: 已監控 3060 分鐘, 無新推文
[18:14:07] 💓 心跳: 已監控 3065 分鐘, 無新推文
[18:19:10] 💓 心跳: 已監控 3070 分鐘, 無新推文
[18:24:14] 💓 心跳: 已監控 3075 分鐘, 無新推文
[18:29:17] 💓 心跳: 已監控 3080 分鐘, 無新推文
[18:34:21] 💓 心跳: 已監控 3085 分鐘, 無新推文
[18:39:24] 💓 心跳: 已監控 3090 分鐘, 無新推文
[18:44:27] 💓 心跳: 已監控 3095 分鐘, 無新推文
[18:49:30] 💓 心跳: 已監控 3100 分鐘, 無新推文
[18:54:34] 💓 心跳: 已監控 3105 分鐘, 無新推文
[18:59:37] 💓 心跳: 已監控 3110 分鐘, 無新推文
[19:04:40] 💓 心跳: 已監控 3115 分鐘, 無新推文
[19:05:10] 📡 RSS 掃描: 100 篇, 1 篇新的 (285ms)
[19:05:10]   🆕 新推文偵測！
[19:05:10]      ID: 116268706178346879
[19:05:10]      時間: Sat, 21 Mar 2026 19:01:02 +0000
[19:05:10]      偵測延遲: 248.9秒
[19:05:10]      內容: In the early days of Mar-a-Lago!...
[19:05:10]      ⚪ 無信號 (0ms)
[19:09:44] 💓 心跳: 已監控 3120 分鐘, 無新推文
[19:14:47] 💓 心跳: 已監控 3125 分鐘, 無新推文
[19:19:51] 💓 心跳: 已監控 3130 分鐘, 無新推文
[19:24:54] 💓 心跳: 已監控 3135 分鐘, 無新推文
[19:29:57] 💓 心跳: 已監控 3140 分鐘, 無新推文
[19:35:01] 💓 心跳: 已監控 3145 分鐘, 無新推文
[19:40:04] 💓 心跳: 已監控 3150 分鐘, 無新推文
[19:45:08] 💓 心跳: 已監控 3155 分鐘, 無新推文
[19:50:11] 💓 心跳: 已監控 3160 分鐘, 無新推文
[19:55:14] 💓 心跳: 已監控 3165 分鐘, 無新推文
[20:00:18] 💓 心跳: 已監控 3170 分鐘, 無新推文
[20:05:21] 💓 心跳: 已監控 3175 分鐘, 無新推文
[20:10:24] 💓 心跳: 已監控 3180 分鐘, 無新推文
[20:15:27] 💓 心跳: 已監控 3185 分鐘, 無新推文
[20:20:31] 💓 心跳: 已監控 3190 分鐘, 無新推文
[20:25:34] 💓 心跳: 已監控 3195 分鐘, 無新推文
[20:30:38] 💓 心跳: 已監控 3200 分鐘, 無新推文
[20:35:42] 💓 心跳: 已監控 3205 分鐘, 無新推文
[20:40:45] 💓 心跳: 已監控 3210 分鐘, 無新推文
[20:45:48] 💓 心跳: 已監控 3215 分鐘, 無新推文
[20:50:51] 💓 心跳: 已監控 3220 分鐘, 無新推文
[20:55:55] 💓 心跳: 已監控 3225 分鐘, 無新推文
[21:00:58] 💓 心跳: 已監控 3230 分鐘, 無新推文
[21:06:01] 💓 心跳: 已監控 3235 分鐘, 無新推文
[21:11:05] 💓 心跳: 已監控 3240 分鐘, 無新推文
[21:16:08] 💓 心跳: 已監控 3245 分鐘, 無新推文
[21:21:11] 💓 心跳: 已監控 3250 分鐘, 無新推文
[21:26:15] 💓 心跳: 已監控 3255 分鐘, 無新推文
[21:31:18] 💓 心跳: 已監控 3260 分鐘, 無新推文
[21:36:21] 💓 心跳: 已監控 3265 分鐘, 無新推文
[21:41:24] 💓 心跳: 已監控 3270 分鐘, 無新推文
[21:46:27] 💓 心跳: 已監控 3275 分鐘, 無新推文
[21:51:30] 💓 心跳: 已監控 3280 分鐘, 無新推文
[21:56:33] 💓 心跳: 已監控 3285 分鐘, 無新推文
[22:01:37] 💓 心跳: 已監控 3290 分鐘, 無新推文
[22:06:40] 💓 心跳: 已監控 3295 分鐘, 無新推文
[22:11:43] 💓 心跳: 已監控 3300 分鐘, 無新推文
[22:15:16] 📡 RSS 掃描: 100 篇, 1 篇新的 (409ms)
[22:15:16]   🆕 新推文偵測！
[22:15:16]      ID: 116269463539535135
[22:15:16]      時間: Sat, 21 Mar 2026 22:13:38 +0000
[22:15:16]      偵測延遲: 98.3秒
[22:15:16]      內容: The Democrats want to give our Country away to the illegals who they allowed to pour through our now...
[22:15:16]      ⚪ 無信號 (0ms)
[22:16:47] 💓 心跳: 已監控 3305 分鐘, 無新推文
[22:21:50] 💓 心跳: 已監控 3310 分鐘, 無新推文
[22:26:53] 💓 心跳: 已監控 3315 分鐘, 無新推文
[06:58:25] 📡 RSS 掃描: 100 篇, 3 篇新的 (313ms)
[06:58:25]   🆕 新推文偵測！
[06:58:25]      ID: 116270371600659894
[06:58:25]      時間: Sun, 22 Mar 2026 02:04:34 +0000
[06:58:25]      偵測延遲: 17631.5秒
[06:58:25]      內容: Tina Peters, a 73-year-old woman with cancer, was given a nine year jail sentence in Colorado becaus...
[06:58:25]      ⚪ 無信號 (0ms)
[06:58:25]   🆕 新推文偵測！
[06:58:25]      ID: 116269822349947644
[06:58:25]      時間: Sat, 21 Mar 2026 23:44:53 +0000
[06:58:25]      偵測延遲: 26012.5秒
[06:58:25]      內容: If Iran doesn’t FULLY OPEN, WITHOUT THREAT, the Strait of Hormuz, within 48 HOURS from this exact po...
[06:58:25]      ⚪ 無信號 (0ms)
[06:58:25]   🆕 新推文偵測！
[06:58:25]      ID: 116269555618597105
[06:58:25]      時間: Sat, 21 Mar 2026 22:37:03 +0000
[06:58:25]      偵測延遲: 30082.5秒
[06:58:25]      內容: The United States has blown Iran off of the map, and yet their lightweight analyst, David Sanger, sa...
[06:58:25]      📡 信號: DEAL(65%) (0ms)
[06:58:25]      🎯 預測: UP (65%) | 1多/0空 (0ms)
[06:58:25]      ⏱️ 全鏈路: 偵測30082s + 分類0ms + 預測0ms = 共30082.5s
[06:58:25]      💰 Polymarket: 等待錢包設定...
[13:14:09] 📡 RSS 掃描: 100 篇, 13 篇新的 (588ms)
[13:14:09]   🆕 新推文偵測！
[13:14:09]      ID: 116272810363139207
[13:14:09]      時間: Sun, 22 Mar 2026 12:24:47 +0000
[13:14:09]      偵測延遲: 2962.4秒
[13:14:09]      內容: Now with the death of Iran, the greatest enemy America has is the Radical Left, Highly Incompetent, ...
[13:14:09]      ⚪ 無信號 (32ms)
[13:14:09]   🆕 新推文偵測！
[13:14:09]      ID: 116272781567092047
[13:14:09]      時間: Sun, 22 Mar 2026 12:17:27 +0000
[13:14:09]      偵測延遲: 3402.4秒
[13:14:09]      內容: https://truthsocial.com/users/CrazyCatRescuer/statuses/116268355575900202...
[13:14:09]      ⚪ 無信號 (2ms)
[13:14:09]   🆕 新推文偵測！
[13:14:09]      ID: 116272771861671364
[13:14:09]      時間: Sun, 22 Mar 2026 12:14:59 +0000
[13:14:09]      偵測延遲: 3550.4秒
[13:14:09]      內容: https://truthsocial.com/@IStandWithTrump47/116269851029760378...
[13:14:09]      ⚪ 無信號 (3ms)
[13:14:09]   🆕 新推文偵測！
[13:14:09]      ID: 116272769184615047
[13:14:09]      時間: Sun, 22 Mar 2026 12:14:18 +0000
[13:14:09]      偵測延遲: 3591.4秒
[13:14:09]      內容: https://truthsocial.com/@IStandWithTrump47/116272413318941729...
[13:14:09]      ⚪ 無信號 (2ms)
[13:14:09]   🆕 新推文偵測！
[13:14:09]      ID: 116272764873568314
[13:14:09]      時間: Sun, 22 Mar 2026 12:13:12 +0000
[13:14:09]      偵測延遲: 3657.4秒
[13:14:09]      內容: https://truthsocial.com/@IStandWithTrump47/116164006155671847...
[13:14:09]      ⚪ 無信號 (2ms)
[13:14:09]   🆕 新推文偵測！
[13:14:09]      ID: 116272758840855213
[13:14:09]      時間: Sun, 22 Mar 2026 12:11:40 +0000
[13:14:09]      偵測延遲: 3749.4秒
[13:14:09]      內容: RT @IStandWithTrump47...
[13:14:09]      ⚪ 無信號 (2ms)
[13:14:09]   🆕 新推文偵測！
[13:14:09]      ID: 116272718379902051
[13:14:09]      時間: Sun, 22 Mar 2026 12:01:23 +0000
[13:14:09]      偵測延遲: 4366.4秒
[13:14:09]      內容: RT @realDonaldTrumpThe Radical Left Democrats have hurt so many people with their vicious and uncari...
[13:14:09]      ⚪ 無信號 (1ms)
[13:14:09]   🆕 新推文偵測！
[13:14:09]      ID: 116272717021267123
[13:14:09]      時間: Sun, 22 Mar 2026 12:01:02 +0000
[13:14:09]      偵測延遲: 4387.4秒
[13:14:09]      內容: RT @realDonaldTrumpThe Democrats want to give our Country away to the illegals who they allowed to p...
[13:14:09]      ⚪ 無信號 (2ms)
[13:14:09]   🆕 新推文偵測！
[13:14:09]      ID: 116272713025328785
[13:14:09]      時間: Sun, 22 Mar 2026 12:00:01 +0000
[13:14:09]      偵測延遲: 4448.4秒
[13:14:09]      內容: On Monday, ICE will be going to airports to help our wonderful TSA Agents who have stayed on the job...
[13:14:09]      📡 信號: DEAL(65%) (2ms)
[13:14:09]      🎯 預測: UP (65%) | 1多/0空 (0ms)
[13:14:09]      ⏱️ 全鏈路: 偵測4448s + 分類2ms + 預測0ms = 共4448.5s
[13:14:09]      💰 Polymarket: 等待錢包設定...
[13:14:09]      📝 即時快報生成中...
[13:14:09]   🆕 新推文偵測！
[13:14:09]      ID: 116270371600659894
[13:14:09]      時間: Sun, 22 Mar 2026 02:04:34 +0000
[13:14:09]      偵測延遲: 40175.5秒
[13:14:09]      內容: Tina Peters, a 73-year-old woman with cancer, was given a nine year jail sentence in Colorado becaus...
[13:14:09]      ⚪ 無信號 (3ms)
[13:14:09]   🆕 新推文偵測！
[13:14:09]      ID: 116269822349947644
[13:14:09]      📝 即時快報完成：0/3 語言成功
[13:14:09]      時間: Sat, 21 Mar 2026 23:44:53 +0000
[13:14:09]      偵測延遲: 48556.5秒
[13:14:09]      內容: If Iran doesn’t FULLY OPEN, WITHOUT THREAT, the Strait of Hormuz, within 48 HOURS from this exact po...
[13:14:09]      ⚪ 無信號 (3ms)
[13:14:09]   🆕 新推文偵測！
[13:14:09]      ID: 116269555618597105
[13:14:09]      時間: Sat, 21 Mar 2026 22:37:03 +0000
[13:14:09]      偵測延遲: 52626.5秒
[13:14:09]      內容: The United States has blown Iran off of the map, and yet their lightweight analyst, David Sanger, sa...
[13:14:09]      📡 信號: DEAL(65%) (2ms)
[13:14:09]      🎯 預測: UP (65%) | 1多/0空 (0ms)
[13:14:09]      ⏱️ 全鏈路: 偵測52626s + 分類2ms + 預測0ms = 共52626.5s
[13:14:09]      💰 Polymarket: 等待錢包設定...
[13:14:09]      📝 即時快報生成中...
[13:14:09]   🆕 新推文偵測！
[13:14:09]      ID: 116268359334496973
[13:14:09]      時間: Sat, 21 Mar 2026 17:32:49 +0000
[13:14:09]      偵測延遲: 70880.5秒
[13:14:09]      內容: ...
[13:14:09]      ⚪ 無信號 (2ms)
[13:14:09]      📝 即時快報完成：0/3 語言成功
[13:15:41] 💓 心跳: 已監控 10 分鐘, 無新推文
[13:20:45] 💓 心跳: 已監控 15 分鐘, 無新推文
[13:25:51] 💓 心跳: 已監控 20 分鐘, 無新推文
[13:30:56] 💓 心跳: 已監控 25 分鐘, 無新推文
[13:35:31] 📡 RSS 掃描: 100 篇, 2 篇新的 (401ms)
[13:35:31]   🆕 新推文偵測！
[13:35:31]      ID: 116273083861419785
[13:35:31]      時間: Sun, 22 Mar 2026 13:34:20 +0000
[13:35:31]      偵測延遲: 71.5秒
[13:35:31]      內容: THE LIES OF ROBERT MUELLER AND HIS CRIMINAL GANG:...
[13:35:31]      ⚪ 無信號 (4ms)
[13:35:31]   🆕 新推文偵測！
[13:35:31]      ID: 116273082320286134
[13:35:31]      時間: Sun, 22 Mar 2026 13:33:56 +0000
[13:35:31]      偵測延遲: 95.5秒
[13:35:31]      內容: SAVE America Act Hits the Achilles Heel of Democrats’ Fraud Scheme:...
[13:35:31]      ⚪ 無信號 (3ms)
[13:36:02] 💓 心跳: 已監控 30 分鐘, 無新推文
[13:41:07] 💓 心跳: 已監控 35 分鐘, 無新推文
[13:46:11] 💓 心跳: 已監控 40 分鐘, 無新推文
[13:50:16] 📡 RSS 掃描: 100 篇, 2 篇新的 (328ms)
[13:50:16]   🆕 新推文偵測！
[13:50:16]      ID: 116273130324592463
[13:50:16]      時間: Sun, 22 Mar 2026 13:46:09 +0000
[13:50:16]      偵測延遲: 247.4秒
[13:50:16]      內容: RT: https://truthsocial.com/users/realDonaldTrump/statuses/116273127672345044...
[13:50:16]      ⚪ 無信號 (4ms)
[13:50:16]   🆕 新推文偵測！
[13:50:16]      ID: 116273127672345044
[13:50:16]      時間: Sun, 22 Mar 2026 13:45:28 +0000
[13:50:16]      偵測延遲: 288.5秒
[13:50:16]      內容: ...
[13:50:16]      ⚪ 無信號 (4ms)
[13:51:17] 💓 心跳: 已監控 45 分鐘, 無新推文
[13:56:22] 💓 心跳: 已監控 50 分鐘, 無新推文
[14:01:27] 💓 心跳: 已監控 55 分鐘, 無新推文
[14:06:32] 💓 心跳: 已監控 60 分鐘, 無新推文
[14:11:36] 💓 心跳: 已監控 65 分鐘, 無新推文
[14:16:41] 💓 心跳: 已監控 70 分鐘, 無新推文
[14:21:46] 💓 心跳: 已監控 75 分鐘, 無新推文
[14:26:50] 💓 心跳: 已監控 80 分鐘, 無新推文
[14:31:54] 💓 心跳: 已監控 85 分鐘, 無新推文
[14:36:58] 💓 心跳: 已監控 90 分鐘, 無新推文
[14:42:03] 💓 心跳: 已監控 95 分鐘, 無新推文
[14:45:36] 📡 RSS 掃描: 100 篇, 1 篇新的 (379ms)
[14:45:36]   🆕 新推文偵測！
[14:45:36]      ID: 116273344803042793
[14:45:36]      時間: Sun, 22 Mar 2026 14:40:41 +0000
[14:45:36]      偵測延遲: 295.8秒
[14:45:36]      內容: Schumer got “discombobulated” in the Senate yesterday, and said, “WE MUST FUND ICE,” prior to correc...
[14:45:36]      ⚪ 無信號 (4ms)
[14:46:07] 📡 RSS 掃描: 100 篇, 1 篇新的 (498ms)
[14:46:07]   🆕 新推文偵測！
[14:46:07]      ID: 116273343074887409
[14:46:07]      時間: Sun, 22 Mar 2026 14:40:15 +0000
[14:46:07]      偵測延遲: 352.4秒
[14:46:07]      內容: The Democrat running in Texas, James Talarico, turns out to be a FRAUD! It showed after the Election...
[14:46:07]      📡 信號: ACTION(75%), BEARISH(75%) (4ms)
[14:46:07]      🎯 預測: NEUTRAL (30%) | 1多/1空 (0ms)
[14:46:07]      ⏱️ 全鏈路: 偵測352s + 分類4ms + 預測0ms = 共352.4s
[14:46:07]      💰 Polymarket: 等待錢包設定...
[14:47:08] 💓 心跳: 已監控 100 分鐘, 無新推文
[14:52:13] 💓 心跳: 已監控 105 分鐘, 無新推文
[14:57:17] 💓 心跳: 已監控 110 分鐘, 無新推文
[15:00:20] 📡 RSS 掃描: 100 篇, 1 篇新的 (435ms)
[15:00:20]   🆕 新推文偵測！
[15:00:20]      ID: 116273404107454540
[15:00:20]      時間: Sun, 22 Mar 2026 14:55:46 +0000
[15:00:20]      偵測延遲: 274.3秒
[15:00:20]      內容: ...
[15:00:20]      ⚪ 無信號 (4ms)
[15:02:22] 💓 心跳: 已監控 115 分鐘, 無新推文
[15:07:26] 💓 心跳: 已監控 120 分鐘, 無新推文
[15:12:32] 💓 心跳: 已監控 125 分鐘, 無新推文
[15:17:37] 💓 心跳: 已監控 130 分鐘, 無新推文
[15:22:42] 💓 心跳: 已監控 135 分鐘, 無新推文
[15:27:47] 💓 心跳: 已監控 140 分鐘, 無新推文
[15:32:53] 💓 心跳: 已監控 145 分鐘, 無新推文
[15:37:57] 💓 心跳: 已監控 150 分鐘, 無新推文
[15:43:02] 💓 心跳: 已監控 155 分鐘, 無新推文
[15:48:06] 💓 心跳: 已監控 160 分鐘, 無新推文
[15:53:11] 💓 心跳: 已監控 165 分鐘, 無新推文
[15:58:16] 💓 心跳: 已監控 170 分鐘, 無新推文
[16:03:20] 💓 心跳: 已監控 175 分鐘, 無新推文
[16:08:25] 💓 心跳: 已監控 180 分鐘, 無新推文
[16:13:29] 💓 心跳: 已監控 185 分鐘, 無新推文
[16:18:35] 💓 心跳: 已監控 190 分鐘, 無新推文
[16:23:39] 💓 心跳: 已監控 195 分鐘, 無新推文
[16:28:44] 💓 心跳: 已監控 200 分鐘, 無新推文
[16:33:49] 💓 心跳: 已監控 205 分鐘, 無新推文
[16:38:53] 💓 心跳: 已監控 210 分鐘, 無新推文
[16:43:58] 💓 心跳: 已監控 215 分鐘, 無新推文
[16:49:03] 💓 心跳: 已監控 220 分鐘, 無新推文
[16:54:08] 💓 心跳: 已監控 225 分鐘, 無新推文
[16:59:13] 💓 心跳: 已監控 230 分鐘, 無新推文
[17:04:18] 💓 心跳: 已監控 235 分鐘, 無新推文
[17:09:24] 💓 心跳: 已監控 240 分鐘, 無新推文
[17:14:29] 💓 心跳: 已監控 245 分鐘, 無新推文
[17:19:34] 💓 心跳: 已監控 250 分鐘, 無新推文
[17:24:40] 💓 心跳: 已監控 255 分鐘, 無新推文
[17:29:45] 💓 心跳: 已監控 260 分鐘, 無新推文
[17:34:50] 💓 心跳: 已監控 265 分鐘, 無新推文
[17:39:56] 💓 心跳: 已監控 270 分鐘, 無新推文
[17:45:01] 💓 心跳: 已監控 275 分鐘, 無新推文
[17:50:07] 💓 心跳: 已監控 280 分鐘, 無新推文
[17:55:12] 💓 心跳: 已監控 285 分鐘, 無新推文
[18:00:17] 💓 心跳: 已監控 290 分鐘, 無新推文
[18:05:22] 💓 心跳: 已監控 295 分鐘, 無新推文
[18:10:27] 💓 心跳: 已監控 300 分鐘, 無新推文
[18:15:33] 💓 心跳: 已監控 305 分鐘, 無新推文
[18:20:38] 💓 心跳: 已監控 310 分鐘, 無新推文
[18:25:43] 💓 心跳: 已監控 315 分鐘, 無新推文
[18:30:49] 💓 心跳: 已監控 320 分鐘, 無新推文
[18:35:54] 💓 心跳: 已監控 325 分鐘, 無新推文
[18:41:00] 💓 心跳: 已監控 330 分鐘, 無新推文
[18:46:04] 💓 心跳: 已監控 335 分鐘, 無新推文
[18:51:09] 💓 心跳: 已監控 340 分鐘, 無新推文
[18:56:14] 💓 心跳: 已監控 345 分鐘, 無新推文
[19:01:19] 💓 心跳: 已監控 350 分鐘, 無新推文
[19:06:24] 💓 心跳: 已監控 355 分鐘, 無新推文
[19:11:30] 💓 心跳: 已監控 360 分鐘, 無新推文
[19:16:35] 💓 心跳: 已監控 365 分鐘, 無新推文
[19:21:41] 💓 心跳: 已監控 370 分鐘, 無新推文
[19:26:46] 💓 心跳: 已監控 375 分鐘, 無新推文
[19:31:52] 💓 心跳: 已監控 380 分鐘, 無新推文
[19:36:57] 💓 心跳: 已監控 385 分鐘, 無新推文
[19:42:03] 💓 心跳: 已監控 390 分鐘, 無新推文
[19:47:08] 💓 心跳: 已監控 395 分鐘, 無新推文
[19:52:13] 💓 心跳: 已監控 400 分鐘, 無新推文
[19:57:19] 💓 心跳: 已監控 405 分鐘, 無新推文
[20:02:24] 💓 心跳: 已監控 410 分鐘, 無新推文
[20:07:30] 💓 心跳: 已監控 415 分鐘, 無新推文
[20:12:36] 💓 心跳: 已監控 420 分鐘, 無新推文
[20:17:42] 💓 心跳: 已監控 425 分鐘, 無新推文
[20:22:48] 💓 心跳: 已監控 430 分鐘, 無新推文
[20:27:54] 💓 心跳: 已監控 435 分鐘, 無新推文
[20:33:00] 💓 心跳: 已監控 440 分鐘, 無新推文
[20:38:06] 💓 心跳: 已監控 445 分鐘, 無新推文
[20:43:11] 💓 心跳: 已監控 450 分鐘, 無新推文
[20:48:16] 💓 心跳: 已監控 455 分鐘, 無新推文
[20:53:21] 💓 心跳: 已監控 460 分鐘, 無新推文
[20:58:27] 💓 心跳: 已監控 465 分鐘, 無新推文
[21:03:32] 💓 心跳: 已監控 470 分鐘, 無新推文
[21:08:37] 💓 心跳: 已監控 475 分鐘, 無新推文
[21:13:44] 💓 心跳: 已監控 480 分鐘, 無新推文
[21:18:49] 💓 心跳: 已監控 485 分鐘, 無新推文
[21:23:54] 💓 心跳: 已監控 490 分鐘, 無新推文
[21:28:59] 💓 心跳: 已監控 495 分鐘, 無新推文
[21:34:04] 💓 心跳: 已監控 500 分鐘, 無新推文
[21:39:10] 💓 心跳: 已監控 505 分鐘, 無新推文
[21:44:15] 💓 心跳: 已監控 510 分鐘, 無新推文
[21:49:20] 💓 心跳: 已監控 515 分鐘, 無新推文
[21:54:25] 💓 心跳: 已監控 520 分鐘, 無新推文
[21:59:31] 💓 心跳: 已監控 525 分鐘, 無新推文
[22:04:37] 💓 心跳: 已監控 530 分鐘, 無新推文
[22:09:42] 💓 心跳: 已監控 535 分鐘, 無新推文
[22:14:47] 💓 心跳: 已監控 540 分鐘, 無新推文
[22:19:53] 💓 心跳: 已監控 545 分鐘, 無新推文
[22:24:59] 💓 心跳: 已監控 550 分鐘, 無新推文
[22:30:04] 💓 心跳: 已監控 555 分鐘, 無新推文
[22:35:09] 💓 心跳: 已監控 560 分鐘, 無新推文
[22:40:14] 💓 心跳: 已監控 565 分鐘, 無新推文
[22:45:20] 💓 心跳: 已監控 570 分鐘, 無新推文
[22:50:25] 💓 心跳: 已監控 575 分鐘, 無新推文
[22:55:30] 💓 心跳: 已監控 580 分鐘, 無新推文
[23:00:35] 💓 心跳: 已監控 585 分鐘, 無新推文
[23:05:41] 💓 心跳: 已監控 590 分鐘, 無新推文
[23:10:46] 💓 心跳: 已監控 595 分鐘, 無新推文
[23:15:51] 💓 心跳: 已監控 600 分鐘, 無新推文
[23:20:56] 💓 心跳: 已監控 605 分鐘, 無新推文
[23:26:02] 💓 心跳: 已監控 610 分鐘, 無新推文
[23:31:07] 💓 心跳: 已監控 615 分鐘, 無新推文
[23:36:12] 💓 心跳: 已監控 620 分鐘, 無新推文
[23:41:17] 💓 心跳: 已監控 625 分鐘, 無新推文
[23:46:23] 💓 心跳: 已監控 630 分鐘, 無新推文
[23:51:27] 💓 心跳: 已監控 635 分鐘, 無新推文
[23:56:32] 💓 心跳: 已監控 640 分鐘, 無新推文
[00:01:38] 💓 心跳: 已監控 645 分鐘, 無新推文
[00:06:43] 💓 心跳: 已監控 650 分鐘, 無新推文
[00:11:49] 💓 心跳: 已監控 655 分鐘, 無新推文
[00:16:54] 💓 心跳: 已監控 660 分鐘, 無新推文
[00:22:00] 💓 心跳: 已監控 665 分鐘, 無新推文
[00:27:05] 💓 心跳: 已監控 670 分鐘, 無新推文
[00:32:10] 💓 心跳: 已監控 675 分鐘, 無新推文
[00:35:13] 📡 RSS 掃描: 100 篇, 1 篇新的 (352ms)
[00:35:13]   🆕 新推文偵測！
[00:35:13]      ID: 116275668825285445
[00:35:13]      時間: Mon, 23 Mar 2026 00:31:43 +0000
[00:35:13]      偵測延遲: 210.7秒
[00:35:13]      內容: I don’t think we should make any deal with the Crazy, Country Destroying, Radical Left Democrats unl...
[00:35:13]      📡 信號: DEAL(75%), RELIEF(75%), BEARISH(75%) (5ms)
[00:35:13]      🎯 預測: UP (75%) | 2多/1空 (0ms)
[00:35:13]      ⏱️ 全鏈路: 偵測211s + 分類5ms + 預測0ms = 共210.7s
[00:35:13]      💰 Polymarket: 等待錢包設定...
[00:35:13]      📝 即時快報生成中...
[00:35:13]      📝 即時快報完成：0/3 語言成功
[00:37:15] 💓 心跳: 已監控 680 分鐘, 無新推文
[00:42:19] 💓 心跳: 已監控 685 分鐘, 無新推文
[00:47:25] 💓 心跳: 已監控 690 分鐘, 無新推文
[00:52:30] 💓 心跳: 已監控 695 分鐘, 無新推文
[00:57:35] 💓 心跳: 已監控 700 分鐘, 無新推文
[01:02:40] 💓 心跳: 已監控 705 分鐘, 無新推文
[01:07:46] 💓 心跳: 已監控 710 分鐘, 無新推文
[01:12:51] 💓 心跳: 已監控 715 分鐘, 無新推文
[01:17:56] 💓 心跳: 已監控 720 分鐘, 無新推文
[01:23:01] 💓 心跳: 已監控 725 分鐘, 無新推文
[01:28:05] 💓 心跳: 已監控 730 分鐘, 無新推文
[01:33:10] 💓 心跳: 已監控 735 分鐘, 無新推文
[01:38:15] 💓 心跳: 已監控 740 分鐘, 無新推文
[01:43:20] 💓 心跳: 已監控 745 分鐘, 無新推文
[01:48:24] 💓 心跳: 已監控 750 分鐘, 無新推文
[01:53:28] 💓 心跳: 已監控 755 分鐘, 無新推文
[01:58:33] 💓 心跳: 已監控 760 分鐘, 無新推文
[02:03:37] 💓 心跳: 已監控 765 分鐘, 無新推文
[02:08:42] 💓 心跳: 已監控 770 分鐘, 無新推文
[02:13:46] 💓 心跳: 已監控 775 分鐘, 無新推文
[02:18:52] 💓 心跳: 已監控 780 分鐘, 無新推文
[02:23:56] 💓 心跳: 已監控 785 分鐘, 無新推文
[02:29:01] 💓 心跳: 已監控 790 分鐘, 無新推文
[02:34:07] 💓 心跳: 已監控 795 分鐘, 無新推文
[02:39:12] 💓 心跳: 已監控 800 分鐘, 無新推文
[02:44:16] 💓 心跳: 已監控 805 分鐘, 無新推文
[02:49:21] 💓 心跳: 已監控 810 分鐘, 無新推文
[02:54:25] 💓 心跳: 已監控 815 分鐘, 無新推文
[02:59:29] 💓 心跳: 已監控 820 分鐘, 無新推文
[03:04:34] 💓 心跳: 已監控 825 分鐘, 無新推文
[03:09:38] 💓 心跳: 已監控 830 分鐘, 無新推文
[03:14:43] 💓 心跳: 已監控 835 分鐘, 無新推文
[03:19:48] 💓 心跳: 已監控 840 分鐘, 無新推文
[03:24:53] 💓 心跳: 已監控 845 分鐘, 無新推文
[03:29:59] 💓 心跳: 已監控 850 分鐘, 無新推文
[03:35:04] 💓 心跳: 已監控 855 分鐘, 無新推文
[03:40:09] 💓 心跳: 已監控 860 分鐘, 無新推文
[03:45:14] 💓 心跳: 已監控 865 分鐘, 無新推文
[03:50:19] 📡 RSS 掃描: 100 篇, 1 篇新的 (405ms)
[03:50:19]   🆕 新推文偵測！
[03:50:19]      ID: 116276442445755599
[03:50:19]      時間: Mon, 23 Mar 2026 03:48:28 +0000
[03:50:19]      偵測延遲: 111.1秒
[03:50:19]      內容: PEACE THROUGH STRENGTH, TO PUT IT MILDLY!!!...
[03:50:19]      ⚪ 無信號 (4ms)
[03:55:24] 💓 心跳: 已監控 875 分鐘, 無新推文
[04:00:28] 💓 心跳: 已監控 880 分鐘, 無新推文
[04:00:28] 📝 每日文章觸發：生成 2026-03-22 三語分析...
[04:00:30] 📝 文章完成：0/3 語言成功
[04:00:33] 📝 Git push 完成
[04:05:37] 💓 心跳: 已監控 885 分鐘, 無新推文
[04:10:42] 💓 心跳: 已監控 890 分鐘, 無新推文
[04:15:47] 💓 心跳: 已監控 895 分鐘, 無新推文
[04:20:52] 💓 心跳: 已監控 900 分鐘, 無新推文
[04:25:58] 💓 心跳: 已監控 905 分鐘, 無新推文
[04:31:02] 💓 心跳: 已監控 910 分鐘, 無新推文
[04:36:08] 💓 心跳: 已監控 915 分鐘, 無新推文
[04:41:12] 💓 心跳: 已監控 920 分鐘, 無新推文
[04:46:17] 💓 心跳: 已監控 925 分鐘, 無新推文
[04:51:22] 💓 心跳: 已監控 930 分鐘, 無新推文
[04:56:27] 💓 心跳: 已監控 935 分鐘, 無新推文
[05:01:33] 💓 心跳: 已監控 940 分鐘, 無新推文
[05:06:37] 💓 心跳: 已監控 945 分鐘, 無新推文
[05:11:42] 💓 心跳: 已監控 950 分鐘, 無新推文
[05:16:47] 💓 心跳: 已監控 955 分鐘, 無新推文
[05:21:52] 💓 心跳: 已監控 960 分鐘, 無新推文
[05:26:57] 💓 心跳: 已監控 965 分鐘, 無新推文
[05:32:02] 💓 心跳: 已監控 970 分鐘, 無新推文
[05:37:06] 💓 心跳: 已監控 975 分鐘, 無新推文
[05:42:11] 💓 心跳: 已監控 980 分鐘, 無新推文
[05:47:15] 💓 心跳: 已監控 985 分鐘, 無新推文
[05:52:20] 💓 心跳: 已監控 990 分鐘, 無新推文
[05:57:25] 💓 心跳: 已監控 995 分鐘, 無新推文
[06:02:30] 💓 心跳: 已監控 1000 分鐘, 無新推文
[06:07:35] 💓 心跳: 已監控 1005 分鐘, 無新推文
[06:12:39] 💓 心跳: 已監控 1010 分鐘, 無新推文
[06:17:43] 💓 心跳: 已監控 1015 分鐘, 無新推文
[06:22:48] 💓 心跳: 已監控 1020 分鐘, 無新推文
[06:27:53] 💓 心跳: 已監控 1025 分鐘, 無新推文
[06:32:59] 💓 心跳: 已監控 1030 分鐘, 無新推文
[06:38:03] 💓 心跳: 已監控 1035 分鐘, 無新推文
[06:43:08] 💓 心跳: 已監控 1040 分鐘, 無新推文
[06:48:13] 💓 心跳: 已監控 1045 分鐘, 無新推文
[06:53:18] 💓 心跳: 已監控 1050 分鐘, 無新推文
[06:58:22] 💓 心跳: 已監控 1055 分鐘, 無新推文
[07:03:27] 💓 心跳: 已監控 1060 分鐘, 無新推文
[07:08:31] 💓 心跳: 已監控 1065 分鐘, 無新推文
[07:13:36] 💓 心跳: 已監控 1070 分鐘, 無新推文
[07:18:41] 💓 心跳: 已監控 1075 分鐘, 無新推文
[07:23:46] 💓 心跳: 已監控 1080 分鐘, 無新推文
[07:28:50] 💓 心跳: 已監控 1085 分鐘, 無新推文
[07:33:55] 💓 心跳: 已監控 1090 分鐘, 無新推文
[07:39:00] 💓 心跳: 已監控 1095 分鐘, 無新推文
[07:44:05] 💓 心跳: 已監控 1100 分鐘, 無新推文
[07:49:09] 💓 心跳: 已監控 1105 分鐘, 無新推文
[07:54:15] 💓 心跳: 已監控 1110 分鐘, 無新推文
[07:59:19] 💓 心跳: 已監控 1115 分鐘, 無新推文
[08:04:24] 💓 心跳: 已監控 1120 分鐘, 無新推文
[08:09:29] 💓 心跳: 已監控 1125 分鐘, 無新推文
[08:14:33] 💓 心跳: 已監控 1130 分鐘, 無新推文
[08:19:38] 💓 心跳: 已監控 1135 分鐘, 無新推文
[08:24:43] 💓 心跳: 已監控 1140 分鐘, 無新推文
[08:29:47] 💓 心跳: 已監控 1145 分鐘, 無新推文
[08:34:52] 💓 心跳: 已監控 1150 分鐘, 無新推文
[08:39:56] 💓 心跳: 已監控 1155 分鐘, 無新推文
[08:45:01] 💓 心跳: 已監控 1160 分鐘, 無新推文
[08:50:05] 💓 心跳: 已監控 1165 分鐘, 無新推文
[08:55:10] 💓 心跳: 已監控 1170 分鐘, 無新推文
[09:00:15] 💓 心跳: 已監控 1175 分鐘, 無新推文
[09:05:19] 💓 心跳: 已監控 1180 分鐘, 無新推文
[09:10:23] 💓 心跳: 已監控 1185 分鐘, 無新推文
[09:15:28] 💓 心跳: 已監控 1190 分鐘, 無新推文
[09:20:32] 💓 心跳: 已監控 1195 分鐘, 無新推文
[09:25:37] 💓 心跳: 已監控 1200 分鐘, 無新推文
[09:30:43] 💓 心跳: 已監控 1205 分鐘, 無新推文
[09:35:48] 💓 心跳: 已監控 1210 分鐘, 無新推文
[09:40:53] 💓 心跳: 已監控 1215 分鐘, 無新推文
[09:45:58] 💓 心跳: 已監控 1220 分鐘, 無新推文
[09:49:30] =======================================================
[09:49:30] 🔴 Trump RSS 高頻監控器
[09:49:30]    來源: https://www.trumpstruth.org/feed
[09:49:30]    間隔: 30 秒
[09:49:30] =======================================================
[09:49:40] 測試模式: RSS 100 篇, 354ms
[09:49:40]   🆕 新推文偵測！
[09:49:40]      ID: 116276442445755599
[09:49:40]      時間: Mon, 23 Mar 2026 03:48:28 +0000
[09:49:40]      偵測延遲: 21672.4秒
[09:49:40]      內容: PEACE THROUGH STRENGTH, TO PUT IT MILDLY!!!...
[09:49:51]      📡 信號: THREAT(40%), BULLISH(30%) (11177ms)
[09:49:51]      🎯 預測: NEUTRAL (30%) | 1多/1空 (0ms)
[09:49:51]      ⏱️ 全鏈路: 偵測21672s + 分類11177ms + 預測0ms = 共21683.6s
[09:49:51]      💰 Polymarket: 等待錢包設定...
